<?xml version="1.0" encoding="UTF-8"?>
<!-- Generated by org.testng.reporters.JUnitXMLReporter -->
<testsuite ignored="0" hostname="KCs-Life" failures="1" tests="1" name="Verify Onboarding flow" time="13.764" errors="0" timestamp="2025-01-14T21:50:56 GMT">
  <testcase classname="testcases.VerifyOnboardingFlow" name="verifyOnboardingFlow" time="3.814">
    <failure type="org.openqa.selenium.StaleElementReferenceException" message="The element &amp;apos;By.id: org.wikipedia:id/primaryTextView&amp;apos; is not linked to the same object in DOM anymore
For documentation on this error, please visit: https://www.selenium.dev/documentation/webdriver/troubleshooting/errors#stale-element-reference-exception
Build info: version: &amp;apos;4.27.0&amp;apos;, revision: &amp;apos;d6e718d134&amp;apos;
System info: os.name: &amp;apos;Windows 11&amp;apos;, os.arch: &amp;apos;amd64&amp;apos;, os.version: &amp;apos;10.0&amp;apos;, java.version: &amp;apos;17.0.11&amp;apos;
Driver info: io.appium.java_client.android.AndroidDriver
Command: [55f43dc1-f4eb-4f76-a83a-c3e4ec3b7b4f, getElementText {id=00000000-0000-0079-ffff-ffff000000c0}]
Capabilities {appium:appActivity: org.wikipedia.DefaultIcon, appium:appPackage: org.wikipedia, appium:automationName: UIAutomator2, appium:chromedriverExecutable: C:\Users\ASUS\Downloads\chr..., appium:databaseEnabled: false, appium:desired: {appActivity: org.wikipedia.DefaultIcon, appPackage: org.wikipedia, automationName: UIAutomator2, chromedriverExecutable: C:\Users\ASUS\Downloads\chr..., deviceName: KuntalPhone, platformName: ANDROID}, appium:deviceApiLevel: 35, appium:deviceManufacturer: Google, appium:deviceModel: sdk_gphone64_x86_64, appium:deviceName: emulator-5554, appium:deviceScreenDensity: 420, appium:deviceScreenSize: 1080x2424, appium:deviceUDID: emulator-5554, appium:javascriptEnabled: true, appium:locationContextEnabled: false, appium:networkConnectionEnabled: true, appium:pixelRatio: 2.625, appium:platformVersion: 15, appium:statBarHeight: 137, appium:takesScreenshot: true, appium:viewportRect: {height: 2287, left: 0, top: 137, width: 1080}, appium:warnings: {}, appium:webStorageEnabled: false, platformName: ANDROID}
Element: [[AndroidDriver:  on ANDROID (55f43dc1-f4eb-4f76-a83a-c3e4ec3b7b4f)] -&amp;gt; id: org.wikipedia:id/primaryTextView]
Session ID: 55f43dc1-f4eb-4f76-a83a-c3e4ec3b7b4f">
      <![CDATA[org.openqa.selenium.StaleElementReferenceException: The element 'By.id: org.wikipedia:id/primaryTextView' is not linked to the same object in DOM anymore
For documentation on this error, please visit: https://www.selenium.dev/documentation/webdriver/troubleshooting/errors#stale-element-reference-exception
Build info: version: '4.27.0', revision: 'd6e718d134'
System info: os.name: 'Windows 11', os.arch: 'amd64', os.version: '10.0', java.version: '17.0.11'
Driver info: io.appium.java_client.android.AndroidDriver
Command: [55f43dc1-f4eb-4f76-a83a-c3e4ec3b7b4f, getElementText {id=00000000-0000-0079-ffff-ffff000000c0}]
Capabilities {appium:appActivity: org.wikipedia.DefaultIcon, appium:appPackage: org.wikipedia, appium:automationName: UIAutomator2, appium:chromedriverExecutable: C:\Users\ASUS\Downloads\chr..., appium:databaseEnabled: false, appium:desired: {appActivity: org.wikipedia.DefaultIcon, appPackage: org.wikipedia, automationName: UIAutomator2, chromedriverExecutable: C:\Users\ASUS\Downloads\chr..., deviceName: KuntalPhone, platformName: ANDROID}, appium:deviceApiLevel: 35, appium:deviceManufacturer: Google, appium:deviceModel: sdk_gphone64_x86_64, appium:deviceName: emulator-5554, appium:deviceScreenDensity: 420, appium:deviceScreenSize: 1080x2424, appium:deviceUDID: emulator-5554, appium:javascriptEnabled: true, appium:locationContextEnabled: false, appium:networkConnectionEnabled: true, appium:pixelRatio: 2.625, appium:platformVersion: 15, appium:statBarHeight: 137, appium:takesScreenshot: true, appium:viewportRect: {height: 2287, left: 0, top: 137, width: 1080}, appium:warnings: {}, appium:webStorageEnabled: false, platformName: ANDROID}
Element: [[AndroidDriver:  on ANDROID (55f43dc1-f4eb-4f76-a83a-c3e4ec3b7b4f)] -> id: org.wikipedia:id/primaryTextView]
Session ID: 55f43dc1-f4eb-4f76-a83a-c3e4ec3b7b4f
at org.openqa.selenium.remote.ErrorCodec.decode(ErrorCodec.java:167)
at org.openqa.selenium.remote.codec.w3c.W3CHttpResponseCodec.decode(W3CHttpResponseCodec.java:138)
at org.openqa.selenium.remote.codec.w3c.W3CHttpResponseCodec.decode(W3CHttpResponseCodec.java:50)
at org.openqa.selenium.remote.HttpCommandExecutor.execute(HttpCommandExecutor.java:190)
at io.appium.java_client.remote.AppiumCommandExecutor.execute(AppiumCommandExecutor.java:237)
at org.openqa.selenium.remote.RemoteWebDriver.execute(RemoteWebDriver.java:545)
at org.openqa.selenium.remote.RemoteWebElement.execute(RemoteWebElement.java:223)
at org.openqa.selenium.remote.RemoteWebElement.getText(RemoteWebElement.java:191)
at PageObjects.OnboardingPage.verifyOnboardingPageText(OnboardingPage.java:37)
at testcases.VerifyOnboardingFlow.verifyOnboardingFlow(VerifyOnboardingFlow.java:19)
at java.base/java.util.ArrayList.forEach(ArrayList.java:1511)
... Removed 32 stack frames]]>
    </failure>
  </testcase> <!-- verifyOnboardingFlow -->
</testsuite> <!-- Verify Onboarding flow -->
